[2022-03-20 14:07:52] Текст ошибки:Ошибка | Файл | C:\OpenServer\domains\webformyself\public\index.php Строка | 7
                            
==========
[2022-03-20 14:07:52] Текст ошибки:Ошибка | Файл | C:\OpenServer\domains\webformyself\public\index.php Строка | 7
                            
==========
[2022-03-20 14:12:17] Текст ошибки:Undefined variable $test | Файл | C:\OpenServer\domains\webformyself\public\index.php Строка | 8
                            
==========
[2022-03-26 18:20:09] Текст ошибки:Страница не найдена | Файл | C:\OpenServer\domains\webformyself\vendor\wfm\Router.php Строка | 30
                            
==========
[2022-03-26 18:31:19] Текст ошибки:Контроллер не найден | Файл | C:\OpenServer\domains\webformyself\vendor\wfm\Router.php Строка | 38
                            
==========
[2022-03-26 18:58:14] Текст ошибки:Страница не найдена | Файл | C:\OpenServer\domains\webformyself\vendor\wfm\Router.php Строка | 42
                            
==========
[2022-03-26 21:32:45] Текст ошибки:Страница не найдена | Файл | C:\OpenServer\domains\webformyself\vendor\wfm\Router.php Строка | 55
                            
==========
[2022-03-26 22:20:48] Текст ошибки:Страница не найдена | Файл | C:\OpenServer\domains\webformyself\vendor\wfm\Router.php Строка | 59
                            
==========
[2022-03-27 15:36:24] Текст ошибки:Страница не найдена | Файл | C:\OpenServer\domains\webformyself\vendor\wfm\Router.php Строка | 59
                            
==========
[2022-03-27 15:46:25] Текст ошибки:Страница не найдена | Файл | C:\OpenServer\domains\webformyself\vendor\wfm\Router.php Строка | 59
                            
==========
